<component name="libraryTable">
  <library name="junit">
    <CLASSES>
      <root url="jar://$PROJECT_DIR$/../../out/soong/.intermediates/external/junit/junit/linux_glibc_common/javac/junit.jar!/" />
    </CLASSES>
    <JAVADOC />
    <SOURCES>
      <root url="file://$PROJECT_DIR$/../../external/junit/src" />
    </SOURCES>
  </library>
</component>