<testsuites>
    <testsuite name="normal_integration_tests" tests="1" failures="0" errors="1">
        <testcase name="normal_integration_tests" status="run" duration="0" time="0">
            <error message="exited with error code 134"/>
        </testcase>
        <system-out>
        Generated test.log (if the file is not UTF-8, then this may be unreadable):
        <![CDATA[some logs]]>
        </system-out>
    </testsuite>
</testsuites>
