<?xml version="1.0" encoding="UTF-8"?>
<testsuites>
  <testsuite name="pkg/target" tests="1" failures="0" errors="0">
    <testcase name="pkg/target" status="run" duration="0" time="0"></testcase>
    <system-out><![CDATA[line 1
line 2
line 3]]></system-out>
  </testsuite>
</testsuites>
